kotlin version: 2.3.10
error message: org.jetbrains.kotlin.fir.pipeline.IrGenerationExtensionException: Collection contains no element matching the predicate.
	at org.jetbrains.kotlin.fir.pipeline.Fir2IrPipeline.applyIrGenerationExtensions(convertToIr.kt:577)
	at org.jetbrains.kotlin.fir.pipeline.Fir2IrPipeline.runActualizationPipeline(convertToIr.kt:279)
	at org.jetbrains.kotlin.fir.pipeline.Fir2IrPipeline.convertToIrAndActualize(convertToIr.kt:150)
	at org.jetbrains.kotlin.fir.pipeline.ConvertToIrKt.convertToIrAndActualize(convertToIr.kt:115)
	at org.jetbrains.kotlin.fir.pipeline.ConvertToIrKt.convertToIrAndActualize$default(convertToIr.kt:88)
	at org.jetbrains.kotlin.cli.jvm.compiler.legacy.pipeline.JvmCompilerPipelineKt.convertToIrAndActualizeForJvm(jvmCompilerPipeline.kt:100)
	at org.jetbrains.kotlin.cli.pipeline.jvm.JvmFir2IrPipelinePhase.executePhase(JvmFir2IrPipelinePhase.kt:30)
	at org.jetbrains.kotlin.cli.pipeline.jvm.JvmFir2IrPipelinePhase.executePhase(JvmFir2IrPipelinePhase.kt:25)
	at org.jetbrains.kotlin.cli.pipeline.jvm.JvmFir2IrPipelinePhase.executePhase(JvmFir2IrPipelinePhase.kt:19)
	at org.jetbrains.kotlin.cli.pipeline.PipelinePhase.phaseBody(PipelinePhase.kt:68)
	at org.jetbrains.kotlin.cli.pipeline.PipelinePhase.phaseBody(PipelinePhase.kt:58)
	at org.jetbrains.kotlin.config.phaser.NamedCompilerPhase.invoke(CompilerPhase.kt:102)
	at org.jetbrains.kotlin.backend.common.phaser.CompositePhase.invoke(PhaseBuilders.kt:22)
	at org.jetbrains.kotlin.config.phaser.CompilerPhaseKt.invokeToplevel(CompilerPhase.kt:53)
	at org.jetbrains.kotlin.cli.pipeline.AbstractCliPipeline.runPhasedPipeline(AbstractCliPipeline.kt:109)
	at org.jetbrains.kotlin.cli.pipeline.AbstractCliPipeline.execute(AbstractCliPipeline.kt:68)
	at org.jetbrains.kotlin.cli.jvm.K2JVMCompiler.doExecutePhased(K2JVMCompiler.kt:51)
	at org.jetbrains.kotlin.cli.jvm.K2JVMCompiler.doExecutePhased(K2JVMCompiler.kt:42)
	at org.jetbrains.kotlin.cli.common.CLICompiler.execImpl(CLICompiler.kt:89)
	at org.jetbrains.kotlin.cli.common.CLICompiler.exec(CLICompiler.kt:359)
	at org.jetbrains.kotlin.incremental.IncrementalJvmCompilerRunnerBase.runCompiler(IncrementalJvmCompilerRunnerBase.kt:178)
	at org.jetbrains.kotlin.incremental.IncrementalJvmCompilerRunnerBase.runCompiler(IncrementalJvmCompilerRunnerBase.kt:40)
	at org.jetbrains.kotlin.incremental.IncrementalCompilerRunner.doCompile(IncrementalCompilerRunner.kt:504)
	at org.jetbrains.kotlin.incremental.IncrementalCompilerRunner.compileImpl(IncrementalCompilerRunner.kt:418)
	at org.jetbrains.kotlin.incremental.IncrementalCompilerRunner.compileNonIncrementally(IncrementalCompilerRunner.kt:301)
	at org.jetbrains.kotlin.incremental.IncrementalCompilerRunner.compile(IncrementalCompilerRunner.kt:128)
	at org.jetbrains.kotlin.daemon.CompileServiceImplBase.execIncrementalCompiler(CompileServiceImpl.kt:684)
	at org.jetbrains.kotlin.daemon.CompileServiceImplBase.access$execIncrementalCompiler(CompileServiceImpl.kt:94)
	at org.jetbrains.kotlin.daemon.CompileServiceImpl.compile(CompileServiceImpl.kt:1810)
	at java.base/jdk.internal.reflect.DirectMethodHandleAccessor.invoke(DirectMethodHandleAccessor.java:104)
	at java.base/java.lang.reflect.Method.invoke(Method.java:565)
	at java.rmi/sun.rmi.server.UnicastServerRef.dispatch(UnicastServerRef.java:351)
	at java.rmi/sun.rmi.transport.Transport.serviceCall(Transport.java:166)
	at java.rmi/sun.rmi.transport.tcp.TCPTransport.handleMessages(TCPTransport.java:543)
	at java.rmi/sun.rmi.transport.tcp.TCPTransport$ConnectionHandler.run0(TCPTransport.java:744)
	at java.rmi/sun.rmi.transport.tcp.TCPTransport$ConnectionHandler.run(TCPTransport.java:623)
	at java.base/java.util.concurrent.ThreadPoolExecutor.runWorker(ThreadPoolExecutor.java:1095)
	at java.base/java.util.concurrent.ThreadPoolExecutor$Worker.run(ThreadPoolExecutor.java:619)
	at java.base/java.lang.Thread.run(Thread.java:1447)
Caused by: java.util.NoSuchElementException: Collection contains no element matching the predicate.
	at br.com.brd.processor.DebugLogTransformer.getPrintlnFunc(DebugLogTransformer.kt:98)
	at br.com.brd.processor.DebugLogTransformer.visitSimpleFunction(DebugLogTransformer.kt:43)
	at org.jetbrains.kotlin.ir.visitors.IrElementTransformerVoid.visitSimpleFunction(IrElementTransformerVoid.kt:131)
	at org.jetbrains.kotlin.ir.visitors.IrElementTransformerVoid.visitSimpleFunction(IrElementTransformerVoid.kt:19)
	at org.jetbrains.kotlin.ir.declarations.IrSimpleFunction.accept(IrSimpleFunction.kt:39)
	at org.jetbrains.kotlin.ir.IrElementBase.transform(IrElementBase.kt:33)
	at org.jetbrains.kotlin.ir.util.TransformKt.transformInPlace(transform.kt:35)
	at org.jetbrains.kotlin.ir.declarations.IrClass.transformChildren(IrClass.kt:82)
	at org.jetbrains.kotlin.ir.visitors.IrElementTransformerVoid.visitDeclaration(IrElementTransformerVoid.kt:40)
	at org.jetbrains.kotlin.ir.visitors.IrElementTransformerVoid.visitClass(IrElementTransformerVoid.kt:54)
	at org.jetbrains.kotlin.ir.visitors.IrElementTransformerVoid.visitClass(IrElementTransformerVoid.kt:57)
	at org.jetbrains.kotlin.ir.visitors.IrElementTransformerVoid.visitClass(IrElementTransformerVoid.kt:19)
	at org.jetbrains.kotlin.ir.declarations.IrClass.accept(IrClass.kt:72)
	at org.jetbrains.kotlin.ir.IrElementBase.transform(IrElementBase.kt:33)
	at org.jetbrains.kotlin.ir.util.TransformKt.transformInPlace(transform.kt:35)
	at org.jetbrains.kotlin.ir.declarations.IrPackageFragment.transformChildren(IrPackageFragment.kt:31)
	at org.jetbrains.kotlin.ir.visitors.IrElementTransformerVoid.visitPackageFragment(IrElementTransformerVoid.kt:146)
	at org.jetbrains.kotlin.ir.visitors.IrElementTransformerVoid.visitFile(IrElementTransformerVoid.kt:160)
	at org.jetbrains.kotlin.ir.visitors.IrElementTransformerVoid.visitFile(IrElementTransformerVoid.kt:163)
	at org.jetbrains.kotlin.ir.visitors.IrElementTransformerVoid.visitFile(IrElementTransformerVoid.kt:19)
	at org.jetbrains.kotlin.ir.declarations.IrFile.accept(IrFile.kt:27)
	at org.jetbrains.kotlin.ir.declarations.IrFile.transform(IrFile.kt:30)
	at org.jetbrains.kotlin.ir.declarations.IrFile.transform(IrFile.kt:19)
	at org.jetbrains.kotlin.ir.util.TransformKt.transformInPlace(transform.kt:35)
	at org.jetbrains.kotlin.ir.declarations.IrModuleFragment.transformChildren(IrModuleFragment.kt:46)
	at org.jetbrains.kotlin.ir.visitors.IrElementTransformerVoidKt.transformChildrenVoid(IrElementTransformerVoid.kt:583)
	at br.com.brd.processor.DebugLogIrExtension.generate(DebugLogIrExtension.kt:25)
	at org.jetbrains.kotlin.fir.pipeline.Fir2IrPipeline.applyIrGenerationExtensions(convertToIr.kt:571)
	... 38 more


